[     223ms] [WARNING] <Focusable> child must be focusable. Please ensure the tabIndex prop is passed through. @ http://localhost:3000/_next/static/chunks/04l0_next_dist_12htq2c._.js:2431
[     223ms] [WARNING] <Focusable> child must be focusable. Please ensure the tabIndex prop is passed through. @ http://localhost:3000/_next/static/chunks/04l0_next_dist_12htq2c._.js:2431
[     224ms] [WARNING] <Focusable> child must be focusable. Please ensure the tabIndex prop is passed through. @ http://localhost:3000/_next/static/chunks/04l0_next_dist_12htq2c._.js:2431
[     224ms] [WARNING] <Focusable> child must be focusable. Please ensure the tabIndex prop is passed through. @ http://localhost:3000/_next/static/chunks/04l0_next_dist_12htq2c._.js:2431
[  137777ms] [ERROR] ./components/Footer.tsx:95:1
Unexpected token. Did you mean `{'}'}` or `&rbrace;`?
  93 |     </Card>
  94 |   );
> 95 | };
     | ^
  96 |

Parsing ecmascript source code failed

Import trace:
  Server Component:
    ./components/Footer.tsx
    ./app/(site)/layout.tsx @ http://localhost:3000/_next/static/chunks/04l0_next_dist_12htq2c._.js:3272
[  137870ms] [ERROR] Failed to load resource: the server responded with a status of 500 (Internal Server Error) @ http://localhost:3000/contact?_rsc=1qprk:0
[  137892ms] [ERROR] Failed to load resource: the server responded with a status of 500 (Internal Server Error) @ http://localhost:3000/contact?_rsc=1qprk:0
[  137920ms] [ERROR] Failed to load resource: the server responded with a status of 500 (Internal Server Error) @ http://localhost:3000/contact:0
[  138158ms] Error: ./components/Footer.tsx:95:1
Unexpected token. Did you mean `{'}'}` or `&rbrace;`?
  93 |     </Card>
  94 |   );
> 95 | };
     | ^
  96 |

Parsing ecmascript source code failed

Import trace:
  Server Component:
    ./components/Footer.tsx
    ./app/(site)/layout.tsx


    at <unknown> (Error: ./components/Footer.tsx:95:1)
    at Object.getCompilationErrors (file:///Users/davidbm/Documents/Fullstack/portfolio/node_modules/.pnpm/next@16.2.0_@babel+core@7.28.5_react-dom@19.2.1_react@19.2.1__react@19.2.1/node_modules/next/dist/server/dev/hot-reloader-turbopack.js:1189:59)
    at DevBundlerService.getCompilationError (file:///Users/davidbm/Documents/Fullstack/portfolio/node_modules/.pnpm/next@16.2.0_@babel+core@7.28.5_react-dom@19.2.1_react@19.2.1__react@19.2.1/node_modules/next/dist/server/lib/dev-bundler-service.js:44:55)
    at DevServer.getCompilationError (file:///Users/davidbm/Documents/Fullstack/portfolio/node_modules/.pnpm/next@16.2.0_@babel+core@7.28.5_react-dom@19.2.1_react@19.2.1__react@19.2.1/node_modules/next/dist/server/dev/next-dev-server.js:719:42)
    at DevServer.findPageComponents (file:///Users/davidbm/Documents/Fullstack/portfolio/node_modules/.pnpm/next@16.2.0_@babel+core@7.28.5_react-dom@19.2.1_react@19.2.1__react@19.2.1/node_modules/next/dist/server/dev/next-dev-server.js:689:43)
    at async DevServer.renderErrorToResponseImpl (file:///Users/davidbm/Documents/Fullstack/portfolio/node_modules/.pnpm/next@16.2.0_@babel+core@7.28.5_react-dom@19.2.1_react@19.2.1__react@19.2.1/node_modules/next/dist/server/base-server.js:1745:26)
[  138159ms] [ERROR] ./components/Footer.tsx:95:1
Unexpected token. Did you mean `{'}'}` or `&rbrace;`?
  93 |     </Card>
  94 |   );
> 95 | };
     | ^
  96 |

Parsing ecmascript source code failed

Import trace:
  Server Component:
    ./components/Footer.tsx
    ./app/(site)/layout.tsx @ http://localhost:3000/_next/static/chunks/04l0_next_dist_0qno1sf._.js:1945
[  138159ms] [ERROR] ./components/Footer.tsx:95:1
Unexpected token. Did you mean `{'}'}` or `&rbrace;`?
  93 |     </Card>
  94 |   );
> 95 | };
     | ^
  96 |

Parsing ecmascript source code failed

Import trace:
  Server Component:
    ./components/Footer.tsx
    ./app/(site)/layout.tsx @ http://localhost:3000/_next/static/chunks/04l0_next_dist_0qno1sf._.js:1945
[  138159ms] [ERROR] ./components/Footer.tsx:95:1
Unexpected token. Did you mean `{'}'}` or `&rbrace;`?
  93 |     </Card>
  94 |   );
> 95 | };
     | ^
  96 |

Parsing ecmascript source code failed

Import trace:
  Server Component:
    ./components/Footer.tsx
    ./app/(site)/layout.tsx @ http://localhost:3000/_next/static/chunks/04l0_next_dist_0qno1sf._.js:1945
[  138217ms] [ERROR] ./components/Footer.tsx:95:1
Unexpected token. Did you mean `{'}'}` or `&rbrace;`?
  93 |     </Card>
  94 |   );
> 95 | };
     | ^
  96 |

Parsing ecmascript source code failed

Import trace:
  Server Component:
    ./components/Footer.tsx
    ./app/(site)/layout.tsx @ http://localhost:3000/_next/static/chunks/04l0_next_dist_0qno1sf._.js:1945
[  143476ms] [WARNING] <Focusable> child must be focusable. Please ensure the tabIndex prop is passed through. @ http://localhost:3000/_next/static/chunks/04l0_next_dist_12htq2c._.js:2431
[  143476ms] [WARNING] <Focusable> child must be focusable. Please ensure the tabIndex prop is passed through. @ http://localhost:3000/_next/static/chunks/04l0_next_dist_12htq2c._.js:2431
[  143477ms] [WARNING] <Focusable> child must be focusable. Please ensure the tabIndex prop is passed through. @ http://localhost:3000/_next/static/chunks/04l0_next_dist_12htq2c._.js:2431
[  143477ms] [WARNING] <Focusable> child must be focusable. Please ensure the tabIndex prop is passed through. @ http://localhost:3000/_next/static/chunks/04l0_next_dist_12htq2c._.js:2431
